The recorder kept a plain journal of the recovery effort. 
Nothing in these notes seems out of the ordinary.	
Each entry was logged at the end of a maintenance cycle.	
The crew noted the weather and the state of the uplink. 
Routine diagnostics were run and passed without incident.	
Power levels held steady across the reporting window.	
No anomalies were flagged by the onboard watchdog.	
The archive was sealed and mirrored to cold storage. 
Telemetry was quiet for the remainder of the shift. 
The technician signed off and closed the session.	
The recorder kept a plain journal of the recovery effort.	
Nothing in these notes seems out of the ordinary. 
Each entry was logged at the end of a maintenance cycle.	
The crew noted the weather and the state of the uplink.	
Routine diagnostics were run and passed without incident.	
Power levels held steady across the reporting window.	
No anomalies were flagged by the onboard watchdog. 
The archive was sealed and mirrored to cold storage.	
Telemetry was quiet for the remainder of the shift.	
The technician signed off and closed the session. 
The recorder kept a plain journal of the recovery effort. 
Nothing in these notes seems out of the ordinary.	
Each entry was logged at the end of a maintenance cycle. 
The crew noted the weather and the state of the uplink. 
Routine diagnostics were run and passed without incident. 
Power levels held steady across the reporting window.	
No anomalies were flagged by the onboard watchdog.	
The archive was sealed and mirrored to cold storage. 
Telemetry was quiet for the remainder of the shift. 
The technician signed off and closed the session.	
The recorder kept a plain journal of the recovery effort. 
Nothing in these notes seems out of the ordinary.	
Each entry was logged at the end of a maintenance cycle. 
The crew noted the weather and the state of the uplink.	
Routine diagnostics were run and passed without incident.	
Power levels held steady across the reporting window.	
No anomalies were flagged by the onboard watchdog.	
The archive was sealed and mirrored to cold storage. 
Telemetry was quiet for the remainder of the shift.	
The technician signed off and closed the session. 
The recorder kept a plain journal of the recovery effort. 
Nothing in these notes seems out of the ordinary.	
Each entry was logged at the end of a maintenance cycle.	
The crew noted the weather and the state of the uplink. 
Routine diagnostics were run and passed without incident. 
Power levels held steady across the reporting window.	
No anomalies were flagged by the onboard watchdog. 
The archive was sealed and mirrored to cold storage.	
Telemetry was quiet for the remainder of the shift. 
The technician signed off and closed the session.	
The recorder kept a plain journal of the recovery effort.	
Nothing in these notes seems out of the ordinary.	
Each entry was logged at the end of a maintenance cycle. 
The crew noted the weather and the state of the uplink. 
Routine diagnostics were run and passed without incident.	
Power levels held steady across the reporting window. 
No anomalies were flagged by the onboard watchdog. 
The archive was sealed and mirrored to cold storage.	
Telemetry was quiet for the remainder of the shift.	
The technician signed off and closed the session. 
The recorder kept a plain journal of the recovery effort.	
Nothing in these notes seems out of the ordinary.	
Each entry was logged at the end of a maintenance cycle.	
The crew noted the weather and the state of the uplink.	
Routine diagnostics were run and passed without incident. 
Power levels held steady across the reporting window.	
No anomalies were flagged by the onboard watchdog.	
The archive was sealed and mirrored to cold storage.	
Telemetry was quiet for the remainder of the shift.	
The technician signed off and closed the session. 
The recorder kept a plain journal of the recovery effort.	
Nothing in these notes seems out of the ordinary.	
Each entry was logged at the end of a maintenance cycle. 
The crew noted the weather and the state of the uplink.	
Routine diagnostics were run and passed without incident.	
Power levels held steady across the reporting window.	
No anomalies were flagged by the onboard watchdog. 
The archive was sealed and mirrored to cold storage. 
Telemetry was quiet for the remainder of the shift. 
The technician signed off and closed the session.	
The recorder kept a plain journal of the recovery effort. 
Nothing in these notes seems out of the ordinary.	
Each entry was logged at the end of a maintenance cycle.	
The crew noted the weather and the state of the uplink.	
Routine diagnostics were run and passed without incident. 
Power levels held steady across the reporting window.	
No anomalies were flagged by the onboard watchdog. 
The archive was sealed and mirrored to cold storage.	
Telemetry was quiet for the remainder of the shift. 
The technician signed off and closed the session.	
The recorder kept a plain journal of the recovery effort.	
Nothing in these notes seems out of the ordinary. 
Each entry was logged at the end of a maintenance cycle.	
The crew noted the weather and the state of the uplink. 
Routine diagnostics were run and passed without incident. 
Power levels held steady across the reporting window.	
No anomalies were flagged by the onboard watchdog. 
The archive was sealed and mirrored to cold storage.	
Telemetry was quiet for the remainder of the shift.	
The technician signed off and closed the session. 
The recorder kept a plain journal of the recovery effort. 
Nothing in these notes seems out of the ordinary.	
Each entry was logged at the end of a maintenance cycle. 
The crew noted the weather and the state of the uplink.	
Routine diagnostics were run and passed without incident. 
Power levels held steady across the reporting window.	
No anomalies were flagged by the onboard watchdog.	
The archive was sealed and mirrored to cold storage.	
Telemetry was quiet for the remainder of the shift. 
The technician signed off and closed the session.	
The recorder kept a plain journal of the recovery effort. 
Nothing in these notes seems out of the ordinary. 
Each entry was logged at the end of a maintenance cycle. 
The crew noted the weather and the state of the uplink.	
Routine diagnostics were run and passed without incident. 
Power levels held steady across the reporting window.	
No anomalies were flagged by the onboard watchdog.	
The archive was sealed and mirrored to cold storage.	
Telemetry was quiet for the remainder of the shift.	
The technician signed off and closed the session.	
The recorder kept a plain journal of the recovery effort. 
Nothing in these notes seems out of the ordinary.	
Each entry was logged at the end of a maintenance cycle.	
The crew noted the weather and the state of the uplink.	
Routine diagnostics were run and passed without incident. 
Power levels held steady across the reporting window. 
No anomalies were flagged by the onboard watchdog.	
The archive was sealed and mirrored to cold storage.	
Telemetry was quiet for the remainder of the shift. 
The technician signed off and closed the session.	
The recorder kept a plain journal of the recovery effort.	
Nothing in these notes seems out of the ordinary.	
Each entry was logged at the end of a maintenance cycle. 
The crew noted the weather and the state of the uplink. 
Routine diagnostics were run and passed without incident. 
Power levels held steady across the reporting window. 
No anomalies were flagged by the onboard watchdog. 
The archive was sealed and mirrored to cold storage.	
Telemetry was quiet for the remainder of the shift.	
The technician signed off and closed the session. 
The recorder kept a plain journal of the recovery effort. 
Nothing in these notes seems out of the ordinary. 
Each entry was logged at the end of a maintenance cycle. 
The crew noted the weather and the state of the uplink.	
Routine diagnostics were run and passed without incident. 
Power levels held steady across the reporting window.	
No anomalies were flagged by the onboard watchdog.	
The archive was sealed and mirrored to cold storage. 
Telemetry was quiet for the remainder of the shift. 
The technician signed off and closed the session. 
The recorder kept a plain journal of the recovery effort.	
Nothing in these notes seems out of the ordinary.	
Each entry was logged at the end of a maintenance cycle. 
The crew noted the weather and the state of the uplink.	
Routine diagnostics were run and passed without incident.	
Power levels held steady across the reporting window. 
No anomalies were flagged by the onboard watchdog. 
The archive was sealed and mirrored to cold storage.	
Telemetry was quiet for the remainder of the shift. 
The technician signed off and closed the session.	
The recorder kept a plain journal of the recovery effort. 
Nothing in these notes seems out of the ordinary.	
Each entry was logged at the end of a maintenance cycle.	
The crew noted the weather and the state of the uplink.	
Routine diagnostics were run and passed without incident. 
Power levels held steady across the reporting window. 
No anomalies were flagged by the onboard watchdog.	
The archive was sealed and mirrored to cold storage.	
Telemetry was quiet for the remainder of the shift. 
The technician signed off and closed the session.	
The recorder kept a plain journal of the recovery effort. 
Nothing in these notes seems out of the ordinary.	
Each entry was logged at the end of a maintenance cycle.	
The crew noted the weather and the state of the uplink.	
Routine diagnostics were run and passed without incident.	
Power levels held steady across the reporting window.	
No anomalies were flagged by the onboard watchdog. 
The archive was sealed and mirrored to cold storage.	
Telemetry was quiet for the remainder of the shift.	
The technician signed off and closed the session.	
The recorder kept a plain journal of the recovery effort. 
Nothing in these notes seems out of the ordinary. 
Each entry was logged at the end of a maintenance cycle.	
The crew noted the weather and the state of the uplink. 
Routine diagnostics were run and passed without incident. 
Power levels held steady across the reporting window.	
No anomalies were flagged by the onboard watchdog.	
The archive was sealed and mirrored to cold storage. 
Telemetry was quiet for the remainder of the shift. 
The technician signed off and closed the session.	
The recorder kept a plain journal of the recovery effort. 
Nothing in these notes seems out of the ordinary.	
Each entry was logged at the end of a maintenance cycle. 
The crew noted the weather and the state of the uplink.	
Routine diagnostics were run and passed without incident.	
Power levels held steady across the reporting window. 
No anomalies were flagged by the onboard watchdog. 
The archive was sealed and mirrored to cold storage. 
Telemetry was quiet for the remainder of the shift. 
The technician signed off and closed the session.	
The recorder kept a plain journal of the recovery effort. 
Nothing in these notes seems out of the ordinary.	
Each entry was logged at the end of a maintenance cycle.	
The crew noted the weather and the state of the uplink. 
Routine diagnostics were run and passed without incident. 
Power levels held steady across the reporting window.	
No anomalies were flagged by the onboard watchdog. 
The archive was sealed and mirrored to cold storage. 
Telemetry was quiet for the remainder of the shift. 
The technician signed off and closed the session.	
The recorder kept a plain journal of the recovery effort.	
Nothing in these notes seems out of the ordinary.	
Each entry was logged at the end of a maintenance cycle.	
The crew noted the weather and the state of the uplink.	
Routine diagnostics were run and passed without incident. 
Power levels held steady across the reporting window.	
